  cam.c
  im.c
  m.c
  main.c
C:\Users\Mike\source\repos\computer-graphics\lab12.3\opengl12\main.c(336,28): warning C4244: инициализация: преобразование "int" в "float", возможна потеря данных
C:\Users\Mike\source\repos\computer-graphics\lab12.3\opengl12\main.c(444,28): warning C4113: "void (__cdecl *)()" отличается в списках параметров от "void (__cdecl *)(void)"
  util.c
  Создание кода...
  LINK : не найден или не выполнена сборка C:\Users\Mike\source\repos\computer-graphics\lab12.3\Debug\opengl12.exe при последней инкрементной компоновке; выполняется полная компоновка
LINK : warning LNK4098: библиотека по умолчанию "LIBCMT" конфликтует с использованием других библиотек; используйте /NODEFAULTLIB:library
freeglut_staticd.lib(fg_callbacks.obj) : warning LNK4099: "freeglut_static.pdb" PDB не найден с "freeglut_staticd.lib(fg_callbacks.obj)" или на "C:\Users\Mike\source\repos\computer-graphics\lab12.3\Debug\freeglut_static.pdb"; компоновка объекта выполняется как при отсутствии отладочных данных
freeglut_staticd.lib(fg_cursor.obj) : warning LNK4099: "freeglut_static.pdb" PDB не найден с "freeglut_staticd.lib(fg_cursor.obj)" или на "C:\Users\Mike\source\repos\computer-graphics\lab12.3\Debug\freeglut_static.pdb"; компоновка объекта выполняется как при отсутствии отладочных данных
freeglut_staticd.lib(fg_display.obj) : warning LNK4099: "freeglut_static.pdb" PDB не найден с "freeglut_staticd.lib(fg_display.obj)" или на "C:\Users\Mike\source\repos\computer-graphics\lab12.3\Debug\freeglut_static.pdb"; компоновка объекта выполняется как при отсутствии отладочных данных
freeglut_staticd.lib(fg_ext.obj) : warning LNK4099: "freeglut_static.pdb" PDB не найден с "freeglut_staticd.lib(fg_ext.obj)" или на "C:\Users\Mike\source\repos\computer-graphics\lab12.3\Debug\freeglut_static.pdb"; компоновка объекта выполняется как при отсутствии отладочных данных
freeglut_staticd.lib(fg_font_data.obj) : warning LNK4099: "" PDB не найден с "freeglut_staticd.lib(fg_font_data.obj)" или на ""; компоновка объекта выполняется как при отсутствии отладочных данных
freeglut_staticd.lib(fg_gamemode.obj) : warning LNK4099: "freeglut_static.pdb" PDB не найден с "freeglut_staticd.lib(fg_gamemode.obj)" или на "C:\Users\Mike\source\repos\computer-graphics\lab12.3\Debug\freeglut_static.pdb"; компоновка объекта выполняется как при отсутствии отладочных данных
freeglut_staticd.lib(fg_geometry.obj) : warning LNK4099: "freeglut_static.pdb" PDB не найден с "freeglut_staticd.lib(fg_geometry.obj)" или на "C:\Users\Mike\source\repos\computer-graphics\lab12.3\Debug\freeglut_static.pdb"; компоновка объекта выполняется как при отсутствии отладочных данных
freeglut_staticd.lib(fg_gl2.obj) : warning LNK4099: "" PDB не найден с "freeglut_staticd.lib(fg_gl2.obj)" или на ""; компоновка объекта выполняется как при отсутствии отладочных данных
freeglut_staticd.lib(fg_init.obj) : warning LNK4099: "freeglut_static.pdb" PDB не найден с "freeglut_staticd.lib(fg_init.obj)" или на "C:\Users\Mike\source\repos\computer-graphics\lab12.3\Debug\freeglut_static.pdb"; компоновка объекта выполняется как при отсутствии отладочных данных
freeglut_staticd.lib(fg_input_devices.obj) : warning LNK4099: "freeglut_static.pdb" PDB не найден с "freeglut_staticd.lib(fg_input_devices.obj)" или на "C:\Users\Mike\source\repos\computer-graphics\lab12.3\Debug\freeglut_static.pdb"; компоновка объекта выполняется как при отсутствии отладочных данных
freeglut_staticd.lib(fg_joystick.obj) : warning LNK4099: "" PDB не найден с "freeglut_staticd.lib(fg_joystick.obj)" или на ""; компоновка объекта выполняется как при отсутствии отладочных данных
freeglut_staticd.lib(fg_main.obj) : warning LNK4099: "freeglut_static.pdb" PDB не найден с "freeglut_staticd.lib(fg_main.obj)" или на "C:\Users\Mike\source\repos\computer-graphics\lab12.3\Debug\freeglut_static.pdb"; компоновка объекта выполняется как при отсутствии отладочных данных
freeglut_staticd.lib(fg_misc.obj) : warning LNK4099: "freeglut_static.pdb" PDB не найден с "freeglut_staticd.lib(fg_misc.obj)" или на "C:\Users\Mike\source\repos\computer-graphics\lab12.3\Debug\freeglut_static.pdb"; компоновка объекта выполняется как при отсутствии отладочных данных
freeglut_staticd.lib(fg_overlay.obj) : warning LNK4099: "" PDB не найден с "freeglut_staticd.lib(fg_overlay.obj)" или на ""; компоновка объекта выполняется как при отсутствии отладочных данных
freeglut_staticd.lib(fg_spaceball.obj) : warning LNK4099: "freeglut_static.pdb" PDB не найден с "freeglut_staticd.lib(fg_spaceball.obj)" или на "C:\Users\Mike\source\repos\computer-graphics\lab12.3\Debug\freeglut_static.pdb"; компоновка объекта выполняется как при отсутствии отладочных данных
freeglut_staticd.lib(fg_state.obj) : warning LNK4099: "freeglut_static.pdb" PDB не найден с "freeglut_staticd.lib(fg_state.obj)" или на "C:\Users\Mike\source\repos\computer-graphics\lab12.3\Debug\freeglut_static.pdb"; компоновка объекта выполняется как при отсутствии отладочных данных
freeglut_staticd.lib(fg_stroke_mono_roman.obj) : warning LNK4099: "freeglut_static.pdb" PDB не найден с "freeglut_staticd.lib(fg_stroke_mono_roman.obj)" или на "C:\Users\Mike\source\repos\computer-graphics\lab12.3\Debug\freeglut_static.pdb"; компоновка объекта выполняется как при отсутствии отладочных данных
freeglut_staticd.lib(fg_stroke_roman.obj) : warning LNK4099: "freeglut_static.pdb" PDB не найден с "freeglut_staticd.lib(fg_stroke_roman.obj)" или на "C:\Users\Mike\source\repos\computer-graphics\lab12.3\Debug\freeglut_static.pdb"; компоновка объекта выполняется как при отсутствии отладочных данных
freeglut_staticd.lib(fg_structure.obj) : warning LNK4099: "freeglut_static.pdb" PDB не найден с "freeglut_staticd.lib(fg_structure.obj)" или на "C:\Users\Mike\source\repos\computer-graphics\lab12.3\Debug\freeglut_static.pdb"; компоновка объекта выполняется как при отсутствии отладочных данных
freeglut_staticd.lib(fg_teapot.obj) : warning LNK4099: "freeglut_static.pdb" PDB не найден с "freeglut_staticd.lib(fg_teapot.obj)" или на "C:\Users\Mike\source\repos\computer-graphics\lab12.3\Debug\freeglut_static.pdb"; компоновка объекта выполняется как при отсутствии отладочных данных
freeglut_staticd.lib(fg_videoresize.obj) : warning LNK4099: "freeglut_static.pdb" PDB не найден с "freeglut_staticd.lib(fg_videoresize.obj)" или на "C:\Users\Mike\source\repos\computer-graphics\lab12.3\Debug\freeglut_static.pdb"; компоновка объекта выполняется как при отсутствии отладочных данных
freeglut_staticd.lib(fg_window.obj) : warning LNK4099: "freeglut_static.pdb" PDB не найден с "freeglut_staticd.lib(fg_window.obj)" или на "C:\Users\Mike\source\repos\computer-graphics\lab12.3\Debug\freeglut_static.pdb"; компоновка объекта выполняется как при отсутствии отладочных данных
freeglut_staticd.lib(fg_font.obj) : warning LNK4099: "" PDB не найден с "freeglut_staticd.lib(fg_font.obj)" или на ""; компоновка объекта выполняется как при отсутствии отладочных данных
freeglut_staticd.lib(fg_menu.obj) : warning LNK4099: "freeglut_static.pdb" PDB не найден с "freeglut_staticd.lib(fg_menu.obj)" или на "C:\Users\Mike\source\repos\computer-graphics\lab12.3\Debug\freeglut_static.pdb"; компоновка объекта выполняется как при отсутствии отладочных данных
freeglut_staticd.lib(fg_cursor_mswin.obj) : warning LNK4099: "freeglut_static.pdb" PDB не найден с "freeglut_staticd.lib(fg_cursor_mswin.obj)" или на "C:\Users\Mike\source\repos\computer-graphics\lab12.3\Debug\freeglut_static.pdb"; компоновка объекта выполняется как при отсутствии отладочных данных
freeglut_staticd.lib(fg_display_mswin.obj) : warning LNK4099: "freeglut_static.pdb" PDB не найден с "freeglut_staticd.lib(fg_display_mswin.obj)" или на "C:\Users\Mike\source\repos\computer-graphics\lab12.3\Debug\freeglut_static.pdb"; компоновка объекта выполняется как при отсутствии отладочных данных
freeglut_staticd.lib(fg_ext_mswin.obj) : warning LNK4099: "freeglut_static.pdb" PDB не найден с "freeglut_staticd.lib(fg_ext_mswin.obj)" или на "C:\Users\Mike\source\repos\computer-graphics\lab12.3\Debug\freeglut_static.pdb"; компоновка объекта выполняется как при отсутствии отладочных данных
freeglut_staticd.lib(fg_gamemode_mswin.obj) : warning LNK4099: "freeglut_static.pdb" PDB не найден с "freeglut_staticd.lib(fg_gamemode_mswin.obj)" или на "C:\Users\Mike\source\repos\computer-graphics\lab12.3\Debug\freeglut_static.pdb"; компоновка объекта выполняется как при отсутствии отладочных данных
freeglut_staticd.lib(fg_init_mswin.obj) : warning LNK4099: "freeglut_static.pdb" PDB не найден с "freeglut_staticd.lib(fg_init_mswin.obj)" или на "C:\Users\Mike\source\repos\computer-graphics\lab12.3\Debug\freeglut_static.pdb"; компоновка объекта выполняется как при отсутствии отладочных данных
freeglut_staticd.lib(fg_input_devices_mswin.obj) : warning LNK4099: "freeglut_static.pdb" PDB не найден с "freeglut_staticd.lib(fg_input_devices_mswin.obj)" или на "C:\Users\Mike\source\repos\computer-graphics\lab12.3\Debug\freeglut_static.pdb"; компоновка объекта выполняется как при отсутствии отладочных данных
freeglut_staticd.lib(fg_joystick_mswin.obj) : warning LNK4099: "freeglut_static.pdb" PDB не найден с "freeglut_staticd.lib(fg_joystick_mswin.obj)" или на "C:\Users\Mike\source\repos\computer-graphics\lab12.3\Debug\freeglut_static.pdb"; компоновка объекта выполняется как при отсутствии отладочных данных
freeglut_staticd.lib(fg_main_mswin.obj) : warning LNK4099: "freeglut_static.pdb" PDB не найден с "freeglut_staticd.lib(fg_main_mswin.obj)" или на "C:\Users\Mike\source\repos\computer-graphics\lab12.3\Debug\freeglut_static.pdb"; компоновка объекта выполняется как при отсутствии отладочных данных
freeglut_staticd.lib(fg_menu_mswin.obj) : warning LNK4099: "freeglut_static.pdb" PDB не найден с "freeglut_staticd.lib(fg_menu_mswin.obj)" или на "C:\Users\Mike\source\repos\computer-graphics\lab12.3\Debug\freeglut_static.pdb"; компоновка объекта выполняется как при отсутствии отладочных данных
freeglut_staticd.lib(fg_spaceball_mswin.obj) : warning LNK4099: "freeglut_static.pdb" PDB не найден с "freeglut_staticd.lib(fg_spaceball_mswin.obj)" или на "C:\Users\Mike\source\repos\computer-graphics\lab12.3\Debug\freeglut_static.pdb"; компоновка объекта выполняется как при отсутствии отладочных данных
freeglut_staticd.lib(fg_state_mswin.obj) : warning LNK4099: "" PDB не найден с "freeglut_staticd.lib(fg_state_mswin.obj)" или на ""; компоновка объекта выполняется как при отсутствии отладочных данных
freeglut_staticd.lib(fg_structure_mswin.obj) : warning LNK4099: "freeglut_static.pdb" PDB не найден с "freeglut_staticd.lib(fg_structure_mswin.obj)" или на "C:\Users\Mike\source\repos\computer-graphics\lab12.3\Debug\freeglut_static.pdb"; компоновка объекта выполняется как при отсутствии отладочных данных
freeglut_staticd.lib(fg_window_mswin.obj) : warning LNK4099: "freeglut_static.pdb" PDB не найден с "freeglut_staticd.lib(fg_window_mswin.obj)" или на "C:\Users\Mike\source\repos\computer-graphics\lab12.3\Debug\freeglut_static.pdb"; компоновка объекта выполняется как при отсутствии отладочных данных
freeglut_staticd.lib(xparsegeometry_repl.obj) : warning LNK4099: "freeglut_static.pdb" PDB не найден с "freeglut_staticd.lib(xparsegeometry_repl.obj)" или на "C:\Users\Mike\source\repos\computer-graphics\lab12.3\Debug\freeglut_static.pdb"; компоновка объекта выполняется как при отсутствии отладочных данных
glew32s.lib(glew.obj) : warning LNK4099: "vc120.pdb" PDB не найден с "glew32s.lib(glew.obj)" или на "C:\Users\Mike\source\repos\computer-graphics\lab12.3\Debug\vc120.pdb"; компоновка объекта выполняется как при отсутствии отладочных данных
  opengl12.vcxproj -> C:\Users\Mike\source\repos\computer-graphics\lab12.3\Debug\opengl12.exe
